\BOOKMARK [0][-]{chapter.1}{\376\377\0001\000\040\000N\000a\000m\000e\000s\000p\000a\000c\000e\000\040\000I\000n\000d\000e\000x}{}% 1
\BOOKMARK [1][-]{section.1.1}{\376\377\0001\000.\0001\000\040\000P\000a\000c\000k\000a\000g\000e\000s}{chapter.1}% 2
\BOOKMARK [0][-]{chapter.2}{\376\377\0002\000\040\000H\000i\000e\000r\000a\000r\000c\000h\000i\000c\000a\000l\000\040\000I\000n\000d\000e\000x}{}% 3
\BOOKMARK [1][-]{section.2.1}{\376\377\0002\000.\0001\000\040\000C\000l\000a\000s\000s\000\040\000H\000i\000e\000r\000a\000r\000c\000h\000y}{chapter.2}% 4
\BOOKMARK [0][-]{chapter.3}{\376\377\0003\000\040\000C\000l\000a\000s\000s\000\040\000I\000n\000d\000e\000x}{}% 5
\BOOKMARK [1][-]{section.3.1}{\376\377\0003\000.\0001\000\040\000C\000l\000a\000s\000s\000\040\000L\000i\000s\000t}{chapter.3}% 6
\BOOKMARK [0][-]{chapter.4}{\376\377\0004\000\040\000N\000a\000m\000e\000s\000p\000a\000c\000e\000\040\000D\000o\000c\000u\000m\000e\000n\000t\000a\000t\000i\000o\000n}{}% 7
\BOOKMARK [1][-]{section.4.1}{\376\377\0004\000.\0001\000\040\000R\000o\000u\000n\000d\000M\000a\000n\000a\000g\000e\000r\000\040\000N\000a\000m\000e\000s\000p\000a\000c\000e\000\040\000R\000e\000f\000e\000r\000e\000n\000c\000e}{chapter.4}% 8
\BOOKMARK [1][-]{section.4.2}{\376\377\0004\000.\0002\000\040\000R\000o\000u\000n\000d\000M\000a\000n\000a\000g\000e\000r\000.\000E\000v\000e\000n\000t\000s\000\040\000N\000a\000m\000e\000s\000p\000a\000c\000e\000\040\000R\000e\000f\000e\000r\000e\000n\000c\000e}{chapter.4}% 9
\BOOKMARK [0][-]{chapter.5}{\376\377\0005\000\040\000C\000l\000a\000s\000s\000\040\000D\000o\000c\000u\000m\000e\000n\000t\000a\000t\000i\000o\000n}{}% 10
\BOOKMARK [1][-]{section.5.1}{\376\377\0005\000.\0001\000\040\000R\000o\000u\000n\000d\000M\000a\000n\000a\000g\000e\000r\000.\000A\000u\000d\000i\000o\000O\000n\000R\000o\000u\000n\000d\000E\000n\000d\000\040\000C\000l\000a\000s\000s\000\040\000R\000e\000f\000e\000r\000e\000n\000c\000e}{chapter.5}% 11
\BOOKMARK [2][-]{subsection.5.1.1}{\376\377\0005\000.\0001\000.\0001\000\040\000D\000e\000t\000a\000i\000l\000e\000d\000\040\000D\000e\000s\000c\000r\000i\000p\000t\000i\000o\000n}{section.5.1}% 12
\BOOKMARK [1][-]{section.5.2}{\376\377\0005\000.\0002\000\040\000R\000o\000u\000n\000d\000M\000a\000n\000a\000g\000e\000r\000.\000A\000u\000d\000i\000o\000O\000n\000R\000o\000u\000n\000d\000S\000t\000a\000r\000t\000\040\000C\000l\000a\000s\000s\000\040\000R\000e\000f\000e\000r\000e\000n\000c\000e}{chapter.5}% 13
\BOOKMARK [2][-]{subsection.5.2.1}{\376\377\0005\000.\0002\000.\0001\000\040\000D\000e\000t\000a\000i\000l\000e\000d\000\040\000D\000e\000s\000c\000r\000i\000p\000t\000i\000o\000n}{section.5.2}% 14
\BOOKMARK [1][-]{section.5.3}{\376\377\0005\000.\0003\000\040\000R\000o\000u\000n\000d\000M\000a\000n\000a\000g\000e\000r\000.\000B\000a\000c\000k\000g\000r\000o\000u\000n\000d\000A\000u\000d\000i\000o\000\040\000C\000l\000a\000s\000s\000\040\000R\000e\000f\000e\000r\000e\000n\000c\000e}{chapter.5}% 15
\BOOKMARK [2][-]{subsection.5.3.1}{\376\377\0005\000.\0003\000.\0001\000\040\000D\000e\000t\000a\000i\000l\000e\000d\000\040\000D\000e\000s\000c\000r\000i\000p\000t\000i\000o\000n}{section.5.3}% 16
\BOOKMARK [1][-]{section.5.4}{\376\377\0005\000.\0004\000\040\000R\000o\000u\000n\000d\000M\000a\000n\000a\000g\000e\000r\000.\000B\000a\000c\000k\000g\000r\000o\000u\000n\000d\000A\000u\000d\000i\000o\000C\000h\000a\000n\000g\000e\000O\000n\000N\000e\000w\000R\000o\000u\000n\000d\000\040\000C\000l\000a\000s\000s\000\040\000R\000e\000f\000e\000r\000e\000n\000c\000e}{chapter.5}% 17
\BOOKMARK [2][-]{subsection.5.4.1}{\376\377\0005\000.\0004\000.\0001\000\040\000D\000e\000t\000a\000i\000l\000e\000d\000\040\000D\000e\000s\000c\000r\000i\000p\000t\000i\000o\000n}{section.5.4}% 18
\BOOKMARK [2][-]{subsection.5.4.2}{\376\377\0005\000.\0004\000.\0002\000\040\000M\000e\000m\000b\000e\000r\000\040\000D\000a\000t\000a\000\040\000D\000o\000c\000u\000m\000e\000n\000t\000a\000t\000i\000o\000n}{section.5.4}% 19
\BOOKMARK [3][-]{subsubsection.5.4.2.1}{\376\377\0005\000.\0004\000.\0002\000.\0001\000\040\000A\000u\000d\000i\000o}{subsection.5.4.2}% 20
\BOOKMARK [1][-]{section.5.5}{\376\377\0005\000.\0005\000\040\000R\000o\000u\000n\000d\000M\000a\000n\000a\000g\000e\000r\000.\000B\000o\000s\000s\000C\000o\000u\000n\000t\000d\000o\000w\000n\000B\000e\000g\000u\000n\000\040\000C\000l\000a\000s\000s\000\040\000R\000e\000f\000e\000r\000e\000n\000c\000e}{chapter.5}% 21
\BOOKMARK [2][-]{subsection.5.5.1}{\376\377\0005\000.\0005\000.\0001\000\040\000D\000e\000t\000a\000i\000l\000e\000d\000\040\000D\000e\000s\000c\000r\000i\000p\000t\000i\000o\000n}{section.5.5}% 22
\BOOKMARK [2][-]{subsection.5.5.2}{\376\377\0005\000.\0005\000.\0002\000\040\000M\000e\000m\000b\000e\000r\000\040\000F\000u\000n\000c\000t\000i\000o\000n\000\040\000D\000o\000c\000u\000m\000e\000n\000t\000a\000t\000i\000o\000n}{section.5.5}% 23
\BOOKMARK [3][-]{subsubsection.5.5.2.1}{\376\377\0005\000.\0005\000.\0002\000.\0001\000\040\000O\000n\000B\000o\000s\000s\000C\000o\000u\000n\000t\000d\000o\000w\000n\000B\000e\000g\000u\000n\000\050\000B\000o\000s\000s\000C\000o\000u\000n\000t\000d\000o\000w\000n\000B\000e\000g\000u\000n\000E\000v\000e\000n\000t\000\040\000e\000\051}{subsection.5.5.2}% 24
\BOOKMARK [1][-]{section.5.6}{\376\377\0005\000.\0006\000\040\000R\000o\000u\000n\000d\000M\000a\000n\000a\000g\000e\000r\000.\000E\000v\000e\000n\000t\000s\000.\000B\000o\000s\000s\000C\000o\000u\000n\000t\000d\000o\000w\000n\000B\000e\000g\000u\000n\000E\000v\000e\000n\000t\000\040\000C\000l\000a\000s\000s\000\040\000R\000e\000f\000e\000r\000e\000n\000c\000e}{chapter.5}% 25
\BOOKMARK [2][-]{subsection.5.6.1}{\376\377\0005\000.\0006\000.\0001\000\040\000D\000e\000t\000a\000i\000l\000e\000d\000\040\000D\000e\000s\000c\000r\000i\000p\000t\000i\000o\000n}{section.5.6}% 26
\BOOKMARK [2][-]{subsection.5.6.2}{\376\377\0005\000.\0006\000.\0002\000\040\000P\000r\000o\000p\000e\000r\000t\000y\000\040\000D\000o\000c\000u\000m\000e\000n\000t\000a\000t\000i\000o\000n}{section.5.6}% 27
\BOOKMARK [3][-]{subsubsection.5.6.2.1}{\376\377\0005\000.\0006\000.\0002\000.\0001\000\040\000C\000u\000r\000r\000e\000n\000t\000R\000o\000u\000n\000d}{subsection.5.6.2}% 28
\BOOKMARK [1][-]{section.5.7}{\376\377\0005\000.\0007\000\040\000R\000o\000u\000n\000d\000M\000a\000n\000a\000g\000e\000r\000.\000B\000o\000s\000s\000C\000o\000u\000n\000t\000d\000o\000w\000n\000T\000e\000x\000t\000\040\000C\000l\000a\000s\000s\000\040\000R\000e\000f\000e\000r\000e\000n\000c\000e}{chapter.5}% 29
\BOOKMARK [2][-]{subsection.5.7.1}{\376\377\0005\000.\0007\000.\0001\000\040\000D\000e\000t\000a\000i\000l\000e\000d\000\040\000D\000e\000s\000c\000r\000i\000p\000t\000i\000o\000n}{section.5.7}% 30
\BOOKMARK [1][-]{section.5.8}{\376\377\0005\000.\0008\000\040\000R\000o\000u\000n\000d\000M\000a\000n\000a\000g\000e\000r\000.\000B\000o\000s\000s\000K\000i\000l\000l\000e\000d\000\040\000C\000l\000a\000s\000s\000\040\000R\000e\000f\000e\000r\000e\000n\000c\000e}{chapter.5}% 31
\BOOKMARK [2][-]{subsection.5.8.1}{\376\377\0005\000.\0008\000.\0001\000\040\000D\000e\000t\000a\000i\000l\000e\000d\000\040\000D\000e\000s\000c\000r\000i\000p\000t\000i\000o\000n}{section.5.8}% 32
\BOOKMARK [2][-]{subsection.5.8.2}{\376\377\0005\000.\0008\000.\0002\000\040\000M\000e\000m\000b\000e\000r\000\040\000F\000u\000n\000c\000t\000i\000o\000n\000\040\000D\000o\000c\000u\000m\000e\000n\000t\000a\000t\000i\000o\000n}{section.5.8}% 33
\BOOKMARK [3][-]{subsubsection.5.8.2.1}{\376\377\0005\000.\0008\000.\0002\000.\0001\000\040\000O\000n\000B\000o\000s\000s\000K\000i\000l\000l\000e\000d\000\050\000B\000o\000s\000s\000K\000i\000l\000l\000e\000d\000E\000v\000e\000n\000t\000\040\000e\000\051}{subsection.5.8.2}% 34
\BOOKMARK [1][-]{section.5.9}{\376\377\0005\000.\0009\000\040\000R\000o\000u\000n\000d\000M\000a\000n\000a\000g\000e\000r\000.\000E\000v\000e\000n\000t\000s\000.\000B\000o\000s\000s\000K\000i\000l\000l\000e\000d\000E\000v\000e\000n\000t\000\040\000C\000l\000a\000s\000s\000\040\000R\000e\000f\000e\000r\000e\000n\000c\000e}{chapter.5}% 35
\BOOKMARK [2][-]{subsection.5.9.1}{\376\377\0005\000.\0009\000.\0001\000\040\000D\000e\000t\000a\000i\000l\000e\000d\000\040\000D\000e\000s\000c\000r\000i\000p\000t\000i\000o\000n}{section.5.9}% 36
\BOOKMARK [2][-]{subsection.5.9.2}{\376\377\0005\000.\0009\000.\0002\000\040\000P\000r\000o\000p\000e\000r\000t\000y\000\040\000D\000o\000c\000u\000m\000e\000n\000t\000a\000t\000i\000o\000n}{section.5.9}% 37
\BOOKMARK [3][-]{subsubsection.5.9.2.1}{\376\377\0005\000.\0009\000.\0002\000.\0001\000\040\000C\000u\000r\000r\000e\000n\000t\000R\000o\000u\000n\000d}{subsection.5.9.2}% 38
\BOOKMARK [1][-]{section.5.10}{\376\377\0005\000.\0001\0000\000\040\000R\000o\000u\000n\000d\000M\000a\000n\000a\000g\000e\000r\000.\000B\000o\000s\000s\000S\000p\000a\000w\000n\000e\000d\000\040\000C\000l\000a\000s\000s\000\040\000R\000e\000f\000e\000r\000e\000n\000c\000e}{chapter.5}% 39
\BOOKMARK [2][-]{subsection.5.10.1}{\376\377\0005\000.\0001\0000\000.\0001\000\040\000D\000e\000t\000a\000i\000l\000e\000d\000\040\000D\000e\000s\000c\000r\000i\000p\000t\000i\000o\000n}{section.5.10}% 40
\BOOKMARK [2][-]{subsection.5.10.2}{\376\377\0005\000.\0001\0000\000.\0002\000\040\000M\000e\000m\000b\000e\000r\000\040\000F\000u\000n\000c\000t\000i\000o\000n\000\040\000D\000o\000c\000u\000m\000e\000n\000t\000a\000t\000i\000o\000n}{section.5.10}% 41
\BOOKMARK [3][-]{subsubsection.5.10.2.1}{\376\377\0005\000.\0001\0000\000.\0002\000.\0001\000\040\000O\000n\000B\000o\000s\000s\000S\000p\000a\000w\000n\000e\000d\000\050\000B\000o\000s\000s\000S\000p\000a\000w\000n\000e\000d\000E\000v\000e\000n\000t\000\040\000e\000\051}{subsection.5.10.2}% 42
\BOOKMARK [1][-]{section.5.11}{\376\377\0005\000.\0001\0001\000\040\000R\000o\000u\000n\000d\000M\000a\000n\000a\000g\000e\000r\000.\000E\000v\000e\000n\000t\000s\000.\000B\000o\000s\000s\000S\000p\000a\000w\000n\000e\000d\000E\000v\000e\000n\000t\000\040\000C\000l\000a\000s\000s\000\040\000R\000e\000f\000e\000r\000e\000n\000c\000e}{chapter.5}% 43
\BOOKMARK [2][-]{subsection.5.11.1}{\376\377\0005\000.\0001\0001\000.\0001\000\040\000D\000e\000t\000a\000i\000l\000e\000d\000\040\000D\000e\000s\000c\000r\000i\000p\000t\000i\000o\000n}{section.5.11}% 44
\BOOKMARK [2][-]{subsection.5.11.2}{\376\377\0005\000.\0001\0001\000.\0002\000\040\000P\000r\000o\000p\000e\000r\000t\000y\000\040\000D\000o\000c\000u\000m\000e\000n\000t\000a\000t\000i\000o\000n}{section.5.11}% 45
\BOOKMARK [3][-]{subsubsection.5.11.2.1}{\376\377\0005\000.\0001\0001\000.\0002\000.\0001\000\040\000B\000o\000s\000s}{subsection.5.11.2}% 46
\BOOKMARK [1][-]{section.5.12}{\376\377\0005\000.\0001\0002\000\040\000R\000o\000u\000n\000d\000M\000a\000n\000a\000g\000e\000r\000.\000B\000o\000s\000s\000S\000p\000a\000w\000n\000R\000e\000q\000u\000e\000s\000t\000\040\000C\000l\000a\000s\000s\000\040\000R\000e\000f\000e\000r\000e\000n\000c\000e}{chapter.5}% 47
\BOOKMARK [2][-]{subsection.5.12.1}{\376\377\0005\000.\0001\0002\000.\0001\000\040\000D\000e\000t\000a\000i\000l\000e\000d\000\040\000D\000e\000s\000c\000r\000i\000p\000t\000i\000o\000n}{section.5.12}% 48
\BOOKMARK [1][-]{section.5.13}{\376\377\0005\000.\0001\0003\000\040\000R\000o\000u\000n\000d\000M\000a\000n\000a\000g\000e\000r\000.\000E\000v\000e\000n\000t\000s\000.\000B\000o\000s\000s\000S\000p\000a\000w\000n\000R\000e\000q\000u\000e\000s\000t\000E\000v\000e\000n\000t\000\040\000C\000l\000a\000s\000s\000\040\000R\000e\000f\000e\000r\000e\000n\000c\000e}{chapter.5}% 49
\BOOKMARK [2][-]{subsection.5.13.1}{\376\377\0005\000.\0001\0003\000.\0001\000\040\000D\000e\000t\000a\000i\000l\000e\000d\000\040\000D\000e\000s\000c\000r\000i\000p\000t\000i\000o\000n}{section.5.13}% 50
\BOOKMARK [1][-]{section.5.14}{\376\377\0005\000.\0001\0004\000\040\000R\000o\000u\000n\000d\000M\000a\000n\000a\000g\000e\000r\000.\000C\000h\000e\000c\000k\000p\000o\000i\000n\000t\000E\000n\000d\000\040\000C\000l\000a\000s\000s\000\040\000R\000e\000f\000e\000r\000e\000n\000c\000e}{chapter.5}% 51
\BOOKMARK [2][-]{subsection.5.14.1}{\376\377\0005\000.\0001\0004\000.\0001\000\040\000D\000e\000t\000a\000i\000l\000e\000d\000\040\000D\000e\000s\000c\000r\000i\000p\000t\000i\000o\000n}{section.5.14}% 52
\BOOKMARK [2][-]{subsection.5.14.2}{\376\377\0005\000.\0001\0004\000.\0002\000\040\000M\000e\000m\000b\000e\000r\000\040\000F\000u\000n\000c\000t\000i\000o\000n\000\040\000D\000o\000c\000u\000m\000e\000n\000t\000a\000t\000i\000o\000n}{section.5.14}% 53
\BOOKMARK [3][-]{subsubsection.5.14.2.1}{\376\377\0005\000.\0001\0004\000.\0002\000.\0001\000\040\000O\000n\000C\000h\000e\000c\000k\000p\000o\000i\000n\000t\000E\000n\000d\000\050\000C\000h\000e\000c\000k\000p\000o\000i\000n\000t\000E\000n\000d\000E\000v\000e\000n\000t\000\040\000e\000\051}{subsection.5.14.2}% 54
\BOOKMARK [1][-]{section.5.15}{\376\377\0005\000.\0001\0005\000\040\000R\000o\000u\000n\000d\000M\000a\000n\000a\000g\000e\000r\000.\000E\000v\000e\000n\000t\000s\000.\000C\000h\000e\000c\000k\000p\000o\000i\000n\000t\000E\000n\000d\000E\000v\000e\000n\000t\000\040\000C\000l\000a\000s\000s\000\040\000R\000e\000f\000e\000r\000e\000n\000c\000e}{chapter.5}% 55
\BOOKMARK [2][-]{subsection.5.15.1}{\376\377\0005\000.\0001\0005\000.\0001\000\040\000D\000e\000t\000a\000i\000l\000e\000d\000\040\000D\000e\000s\000c\000r\000i\000p\000t\000i\000o\000n}{section.5.15}% 56
\BOOKMARK [2][-]{subsection.5.15.2}{\376\377\0005\000.\0001\0005\000.\0002\000\040\000P\000r\000o\000p\000e\000r\000t\000y\000\040\000D\000o\000c\000u\000m\000e\000n\000t\000a\000t\000i\000o\000n}{section.5.15}% 57
\BOOKMARK [3][-]{subsubsection.5.15.2.1}{\376\377\0005\000.\0001\0005\000.\0002\000.\0001\000\040\000C\000u\000r\000r\000e\000n\000t\000R\000o\000u\000n\000d}{subsection.5.15.2}% 58
\BOOKMARK [3][-]{subsubsection.5.15.2.2}{\376\377\0005\000.\0001\0005\000.\0002\000.\0002\000\040\000H\000a\000s\000N\000e\000x\000t\000C\000h\000e\000c\000k\000p\000o\000i\000n\000t}{subsection.5.15.2}% 59
\BOOKMARK [1][-]{section.5.16}{\376\377\0005\000.\0001\0006\000\040\000R\000o\000u\000n\000d\000M\000a\000n\000a\000g\000e\000r\000.\000C\000h\000e\000c\000k\000p\000o\000i\000n\000t\000S\000t\000a\000r\000t\000\040\000C\000l\000a\000s\000s\000\040\000R\000e\000f\000e\000r\000e\000n\000c\000e}{chapter.5}% 60
\BOOKMARK [2][-]{subsection.5.16.1}{\376\377\0005\000.\0001\0006\000.\0001\000\040\000D\000e\000t\000a\000i\000l\000e\000d\000\040\000D\000e\000s\000c\000r\000i\000p\000t\000i\000o\000n}{section.5.16}% 61
\BOOKMARK [2][-]{subsection.5.16.2}{\376\377\0005\000.\0001\0006\000.\0002\000\040\000M\000e\000m\000b\000e\000r\000\040\000F\000u\000n\000c\000t\000i\000o\000n\000\040\000D\000o\000c\000u\000m\000e\000n\000t\000a\000t\000i\000o\000n}{section.5.16}% 62
\BOOKMARK [3][-]{subsubsection.5.16.2.1}{\376\377\0005\000.\0001\0006\000.\0002\000.\0001\000\040\000O\000n\000C\000h\000e\000c\000k\000p\000o\000i\000n\000t\000S\000t\000a\000r\000t\000\050\000C\000h\000e\000c\000k\000p\000o\000i\000n\000t\000S\000t\000a\000r\000t\000E\000v\000e\000n\000t\000\040\000e\000\051}{subsection.5.16.2}% 63
\BOOKMARK [1][-]{section.5.17}{\376\377\0005\000.\0001\0007\000\040\000R\000o\000u\000n\000d\000M\000a\000n\000a\000g\000e\000r\000.\000E\000v\000e\000n\000t\000s\000.\000C\000h\000e\000c\000k\000p\000o\000i\000n\000t\000S\000t\000a\000r\000t\000E\000v\000e\000n\000t\000\040\000C\000l\000a\000s\000s\000\040\000R\000e\000f\000e\000r\000e\000n\000c\000e}{chapter.5}% 64
\BOOKMARK [2][-]{subsection.5.17.1}{\376\377\0005\000.\0001\0007\000.\0001\000\040\000D\000e\000t\000a\000i\000l\000e\000d\000\040\000D\000e\000s\000c\000r\000i\000p\000t\000i\000o\000n}{section.5.17}% 65
\BOOKMARK [2][-]{subsection.5.17.2}{\376\377\0005\000.\0001\0007\000.\0002\000\040\000P\000r\000o\000p\000e\000r\000t\000y\000\040\000D\000o\000c\000u\000m\000e\000n\000t\000a\000t\000i\000o\000n}{section.5.17}% 66
\BOOKMARK [3][-]{subsubsection.5.17.2.1}{\376\377\0005\000.\0001\0007\000.\0002\000.\0001\000\040\000C\000u\000r\000r\000e\000n\000t\000R\000o\000u\000n\000d}{subsection.5.17.2}% 67
\BOOKMARK [1][-]{section.5.18}{\376\377\0005\000.\0001\0008\000\040\000R\000o\000u\000n\000d\000M\000a\000n\000a\000g\000e\000r\000.\000D\000e\000s\000t\000r\000o\000y\000C\000u\000r\000r\000e\000n\000t\000E\000n\000e\000m\000i\000e\000s\000R\000e\000q\000u\000e\000s\000t\000\040\000C\000l\000a\000s\000s\000\040\000R\000e\000f\000e\000r\000e\000n\000c\000e}{chapter.5}% 68
\BOOKMARK [2][-]{subsection.5.18.1}{\376\377\0005\000.\0001\0008\000.\0001\000\040\000D\000e\000t\000a\000i\000l\000e\000d\000\040\000D\000e\000s\000c\000r\000i\000p\000t\000i\000o\000n}{section.5.18}% 69
\BOOKMARK [2][-]{subsection.5.18.2}{\376\377\0005\000.\0001\0008\000.\0002\000\040\000M\000e\000m\000b\000e\000r\000\040\000F\000u\000n\000c\000t\000i\000o\000n\000\040\000D\000o\000c\000u\000m\000e\000n\000t\000a\000t\000i\000o\000n}{section.5.18}% 70
\BOOKMARK [3][-]{subsubsection.5.18.2.1}{\376\377\0005\000.\0001\0008\000.\0002\000.\0001\000\040\000O\000n\000D\000e\000s\000t\000r\000o\000y\000C\000u\000r\000r\000e\000n\000t\000E\000n\000e\000m\000i\000e\000s\000R\000e\000q\000u\000e\000s\000t\000\050\000D\000e\000s\000t\000r\000o\000y\000C\000u\000r\000r\000e\000n\000t\000E\000n\000e\000m\000i\000e\000s\000R\000e\000q\000u\000e\000s\000t\000E\000v\000e\000n\000t\000\040\000e\000\051}{subsection.5.18.2}% 71
\BOOKMARK [1][-]{section.5.19}{\376\377\0005\000.\0001\0009\000\040\000R\000o\000u\000n\000d\000M\000a\000n\000a\000g\000e\000r\000.\000E\000v\000e\000n\000t\000s\000.\000D\000e\000s\000t\000r\000o\000y\000C\000u\000r\000r\000e\000n\000t\000E\000n\000e\000m\000i\000e\000s\000R\000e\000q\000u\000e\000s\000t\000E\000v\000e\000n\000t\000\040\000C\000l\000a\000s\000s\000\040\000R\000e\000f\000e\000r\000e\000n\000c\000e}{chapter.5}% 72
\BOOKMARK [2][-]{subsection.5.19.1}{\376\377\0005\000.\0001\0009\000.\0001\000\040\000D\000e\000t\000a\000i\000l\000e\000d\000\040\000D\000e\000s\000c\000r\000i\000p\000t\000i\000o\000n}{section.5.19}% 73
\BOOKMARK [2][-]{subsection.5.19.2}{\376\377\0005\000.\0001\0009\000.\0002\000\040\000P\000r\000o\000p\000e\000r\000t\000y\000\040\000D\000o\000c\000u\000m\000e\000n\000t\000a\000t\000i\000o\000n}{section.5.19}% 74
\BOOKMARK [3][-]{subsubsection.5.19.2.1}{\376\377\0005\000.\0001\0009\000.\0002\000.\0001\000\040\000C\000u\000r\000r\000e\000n\000t\000R\000o\000u\000n\000d}{subsection.5.19.2}% 75
\BOOKMARK [1][-]{section.5.20}{\376\377\0005\000.\0002\0000\000\040\000R\000o\000u\000n\000d\000M\000a\000n\000a\000g\000e\000r\000.\000D\000i\000r\000e\000c\000t\000o\000r\000\040\000C\000l\000a\000s\000s\000\040\000R\000e\000f\000e\000r\000e\000n\000c\000e}{chapter.5}% 76
\BOOKMARK [2][-]{subsection.5.20.1}{\376\377\0005\000.\0002\0000\000.\0001\000\040\000D\000e\000t\000a\000i\000l\000e\000d\000\040\000D\000e\000s\000c\000r\000i\000p\000t\000i\000o\000n}{section.5.20}% 77
\BOOKMARK [1][-]{section.5.21}{\376\377\0005\000.\0002\0001\000\040\000R\000o\000u\000n\000d\000M\000a\000n\000a\000g\000e\000r\000.\000E\000n\000e\000m\000y\000H\000e\000a\000l\000t\000h\000\040\000C\000l\000a\000s\000s\000\040\000R\000e\000f\000e\000r\000e\000n\000c\000e}{chapter.5}% 78
\BOOKMARK [2][-]{subsection.5.21.1}{\376\377\0005\000.\0002\0001\000.\0001\000\040\000D\000e\000t\000a\000i\000l\000e\000d\000\040\000D\000e\000s\000c\000r\000i\000p\000t\000i\000o\000n}{section.5.21}% 79
\BOOKMARK [1][-]{section.5.22}{\376\377\0005\000.\0002\0002\000\040\000R\000o\000u\000n\000d\000M\000a\000n\000a\000g\000e\000r\000.\000E\000n\000e\000m\000y\000S\000p\000a\000w\000n\000e\000r\000\040\000C\000l\000a\000s\000s\000\040\000R\000e\000f\000e\000r\000e\000n\000c\000e}{chapter.5}% 80
\BOOKMARK [2][-]{subsection.5.22.1}{\376\377\0005\000.\0002\0002\000.\0001\000\040\000D\000e\000t\000a\000i\000l\000e\000d\000\040\000D\000e\000s\000c\000r\000i\000p\000t\000i\000o\000n}{section.5.22}% 81
\BOOKMARK [1][-]{section.5.23}{\376\377\0005\000.\0002\0003\000\040\000R\000o\000u\000n\000d\000M\000a\000n\000a\000g\000e\000r\000.\000E\000n\000e\000m\000y\000S\000p\000a\000w\000n\000R\000e\000q\000u\000e\000s\000t\000\040\000C\000l\000a\000s\000s\000\040\000R\000e\000f\000e\000r\000e\000n\000c\000e}{chapter.5}% 82
\BOOKMARK [2][-]{subsection.5.23.1}{\376\377\0005\000.\0002\0003\000.\0001\000\040\000D\000e\000t\000a\000i\000l\000e\000d\000\040\000D\000e\000s\000c\000r\000i\000p\000t\000i\000o\000n}{section.5.23}% 83
\BOOKMARK [1][-]{section.5.24}{\376\377\0005\000.\0002\0004\000\040\000R\000o\000u\000n\000d\000M\000a\000n\000a\000g\000e\000r\000.\000E\000v\000e\000n\000t\000s\000.\000E\000n\000e\000m\000y\000S\000p\000a\000w\000n\000R\000e\000q\000u\000e\000s\000t\000E\000v\000e\000n\000t\000\040\000C\000l\000a\000s\000s\000\040\000R\000e\000f\000e\000r\000e\000n\000c\000e}{chapter.5}% 84
\BOOKMARK [2][-]{subsection.5.24.1}{\376\377\0005\000.\0002\0004\000.\0001\000\040\000D\000e\000t\000a\000i\000l\000e\000d\000\040\000D\000e\000s\000c\000r\000i\000p\000t\000i\000o\000n}{section.5.24}% 85
\BOOKMARK [1][-]{section.5.25}{\376\377\0005\000.\0002\0005\000\040\000R\000o\000u\000n\000d\000M\000a\000n\000a\000g\000e\000r\000.\000E\000n\000v\000i\000r\000o\000n\000m\000e\000n\000t\000\040\000C\000l\000a\000s\000s\000\040\000R\000e\000f\000e\000r\000e\000n\000c\000e}{chapter.5}% 86
\BOOKMARK [2][-]{subsection.5.25.1}{\376\377\0005\000.\0002\0005\000.\0001\000\040\000D\000e\000t\000a\000i\000l\000e\000d\000\040\000D\000e\000s\000c\000r\000i\000p\000t\000i\000o\000n}{section.5.25}% 87
\BOOKMARK [2][-]{subsection.5.25.2}{\376\377\0005\000.\0002\0005\000.\0002\000\040\000M\000e\000m\000b\000e\000r\000\040\000F\000u\000n\000c\000t\000i\000o\000n\000\040\000D\000o\000c\000u\000m\000e\000n\000t\000a\000t\000i\000o\000n}{section.5.25}% 88
\BOOKMARK [3][-]{subsubsection.5.25.2.1}{\376\377\0005\000.\0002\0005\000.\0002\000.\0001\000\040\000G\000e\000n\000e\000r\000a\000t\000e\000F\000l\000o\000o\000r\000\050\000\051}{subsection.5.25.2}% 89
\BOOKMARK [2][-]{subsection.5.25.3}{\376\377\0005\000.\0002\0005\000.\0003\000\040\000M\000e\000m\000b\000e\000r\000\040\000D\000a\000t\000a\000\040\000D\000o\000c\000u\000m\000e\000n\000t\000a\000t\000i\000o\000n}{section.5.25}% 90
\BOOKMARK [3][-]{subsubsection.5.25.3.1}{\376\377\0005\000.\0002\0005\000.\0003\000.\0001\000\040\000E\000n\000e\000m\000y\000S\000p\000a\000w\000n\000A\000r\000e\000a}{subsection.5.25.3}% 91
\BOOKMARK [1][-]{section.5.26}{\376\377\0005\000.\0002\0006\000\040\000R\000o\000u\000n\000d\000M\000a\000n\000a\000g\000e\000r\000.\000F\000i\000n\000i\000s\000h\000e\000d\000R\000o\000u\000n\000d\000s\000\040\000C\000l\000a\000s\000s\000\040\000R\000e\000f\000e\000r\000e\000n\000c\000e}{chapter.5}% 92
\BOOKMARK [2][-]{subsection.5.26.1}{\376\377\0005\000.\0002\0006\000.\0001\000\040\000D\000e\000t\000a\000i\000l\000e\000d\000\040\000D\000e\000s\000c\000r\000i\000p\000t\000i\000o\000n}{section.5.26}% 93
\BOOKMARK [2][-]{subsection.5.26.2}{\376\377\0005\000.\0002\0006\000.\0002\000\040\000M\000e\000m\000b\000e\000r\000\040\000F\000u\000n\000c\000t\000i\000o\000n\000\040\000D\000o\000c\000u\000m\000e\000n\000t\000a\000t\000i\000o\000n}{section.5.26}% 94
\BOOKMARK [3][-]{subsubsection.5.26.2.1}{\376\377\0005\000.\0002\0006\000.\0002\000.\0001\000\040\000O\000n\000F\000i\000n\000i\000s\000h\000e\000d\000R\000o\000u\000n\000d\000s\000\050\000F\000i\000n\000i\000s\000h\000e\000d\000R\000o\000u\000n\000d\000s\000E\000v\000e\000n\000t\000\040\000e\000\051}{subsection.5.26.2}% 95
\BOOKMARK [1][-]{section.5.27}{\376\377\0005\000.\0002\0007\000\040\000R\000o\000u\000n\000d\000M\000a\000n\000a\000g\000e\000r\000.\000E\000v\000e\000n\000t\000s\000.\000F\000i\000n\000i\000s\000h\000e\000d\000R\000o\000u\000n\000d\000s\000E\000v\000e\000n\000t\000\040\000C\000l\000a\000s\000s\000\040\000R\000e\000f\000e\000r\000e\000n\000c\000e}{chapter.5}% 96
\BOOKMARK [2][-]{subsection.5.27.1}{\376\377\0005\000.\0002\0007\000.\0001\000\040\000D\000e\000t\000a\000i\000l\000e\000d\000\040\000D\000e\000s\000c\000r\000i\000p\000t\000i\000o\000n}{section.5.27}% 97
\BOOKMARK [2][-]{subsection.5.27.2}{\376\377\0005\000.\0002\0007\000.\0002\000\040\000P\000r\000o\000p\000e\000r\000t\000y\000\040\000D\000o\000c\000u\000m\000e\000n\000t\000a\000t\000i\000o\000n}{section.5.27}% 98
\BOOKMARK [3][-]{subsubsection.5.27.2.1}{\376\377\0005\000.\0002\0007\000.\0002\000.\0001\000\040\000L\000a\000s\000t\000R\000o\000u\000n\000d}{subsection.5.27.2}% 99
\BOOKMARK [1][-]{section.5.28}{\376\377\0005\000.\0002\0008\000\040\000R\000o\000u\000n\000d\000M\000a\000n\000a\000g\000e\000r\000.\000F\000i\000r\000s\000t\000R\000o\000u\000n\000d\000\040\000C\000l\000a\000s\000s\000\040\000R\000e\000f\000e\000r\000e\000n\000c\000e}{chapter.5}% 100
\BOOKMARK [2][-]{subsection.5.28.1}{\376\377\0005\000.\0002\0008\000.\0001\000\040\000D\000e\000t\000a\000i\000l\000e\000d\000\040\000D\000e\000s\000c\000r\000i\000p\000t\000i\000o\000n}{section.5.28}% 101
\BOOKMARK [2][-]{subsection.5.28.2}{\376\377\0005\000.\0002\0008\000.\0002\000\040\000M\000e\000m\000b\000e\000r\000\040\000F\000u\000n\000c\000t\000i\000o\000n\000\040\000D\000o\000c\000u\000m\000e\000n\000t\000a\000t\000i\000o\000n}{section.5.28}% 102
\BOOKMARK [3][-]{subsubsection.5.28.2.1}{\376\377\0005\000.\0002\0008\000.\0002\000.\0001\000\040\000O\000n\000F\000i\000r\000s\000t\000R\000o\000u\000n\000d\000\050\000F\000i\000r\000s\000t\000R\000o\000u\000n\000d\000E\000v\000e\000n\000t\000\040\000e\000\051}{subsection.5.28.2}% 103
\BOOKMARK [1][-]{section.5.29}{\376\377\0005\000.\0002\0009\000\040\000R\000o\000u\000n\000d\000M\000a\000n\000a\000g\000e\000r\000.\000E\000v\000e\000n\000t\000s\000.\000F\000i\000r\000s\000t\000R\000o\000u\000n\000d\000E\000v\000e\000n\000t\000\040\000C\000l\000a\000s\000s\000\040\000R\000e\000f\000e\000r\000e\000n\000c\000e}{chapter.5}% 104
\BOOKMARK [2][-]{subsection.5.29.1}{\376\377\0005\000.\0002\0009\000.\0001\000\040\000D\000e\000t\000a\000i\000l\000e\000d\000\040\000D\000e\000s\000c\000r\000i\000p\000t\000i\000o\000n}{section.5.29}% 105
\BOOKMARK [2][-]{subsection.5.29.2}{\376\377\0005\000.\0002\0009\000.\0002\000\040\000P\000r\000o\000p\000e\000r\000t\000y\000\040\000D\000o\000c\000u\000m\000e\000n\000t\000a\000t\000i\000o\000n}{section.5.29}% 106
\BOOKMARK [3][-]{subsubsection.5.29.2.1}{\376\377\0005\000.\0002\0009\000.\0002\000.\0001\000\040\000C\000u\000r\000r\000e\000n\000t\000R\000o\000u\000n\000d}{subsection.5.29.2}% 107
\BOOKMARK [1][-]{section.5.30}{\376\377\0005\000.\0003\0000\000\040\000R\000o\000u\000n\000d\000M\000a\000n\000a\000g\000e\000r\000.\000L\000a\000s\000t\000R\000o\000u\000n\000d\000\040\000C\000l\000a\000s\000s\000\040\000R\000e\000f\000e\000r\000e\000n\000c\000e}{chapter.5}% 108
\BOOKMARK [2][-]{subsection.5.30.1}{\376\377\0005\000.\0003\0000\000.\0001\000\040\000D\000e\000t\000a\000i\000l\000e\000d\000\040\000D\000e\000s\000c\000r\000i\000p\000t\000i\000o\000n}{section.5.30}% 109
\BOOKMARK [1][-]{section.5.31}{\376\377\0005\000.\0003\0001\000\040\000R\000o\000u\000n\000d\000M\000a\000n\000a\000g\000e\000r\000.\000E\000v\000e\000n\000t\000s\000.\000L\000a\000s\000t\000R\000o\000u\000n\000d\000E\000v\000e\000n\000t\000\040\000C\000l\000a\000s\000s\000\040\000R\000e\000f\000e\000r\000e\000n\000c\000e}{chapter.5}% 110
\BOOKMARK [2][-]{subsection.5.31.1}{\376\377\0005\000.\0003\0001\000.\0001\000\040\000D\000e\000t\000a\000i\000l\000e\000d\000\040\000D\000e\000s\000c\000r\000i\000p\000t\000i\000o\000n}{section.5.31}% 111
\BOOKMARK [2][-]{subsection.5.31.2}{\376\377\0005\000.\0003\0001\000.\0002\000\040\000P\000r\000o\000p\000e\000r\000t\000y\000\040\000D\000o\000c\000u\000m\000e\000n\000t\000a\000t\000i\000o\000n}{section.5.31}% 112
\BOOKMARK [3][-]{subsubsection.5.31.2.1}{\376\377\0005\000.\0003\0001\000.\0002\000.\0001\000\040\000C\000u\000r\000r\000e\000n\000t\000R\000o\000u\000n\000d}{subsection.5.31.2}% 113
\BOOKMARK [1][-]{section.5.32}{\376\377\0005\000.\0003\0002\000\040\000R\000o\000u\000n\000d\000M\000a\000n\000a\000g\000e\000r\000.\000L\000e\000r\000p\000O\000v\000e\000r\000T\000i\000m\000e\000\040\000C\000l\000a\000s\000s\000\040\000R\000e\000f\000e\000r\000e\000n\000c\000e}{chapter.5}% 114
\BOOKMARK [2][-]{subsection.5.32.1}{\376\377\0005\000.\0003\0002\000.\0001\000\040\000D\000e\000t\000a\000i\000l\000e\000d\000\040\000D\000e\000s\000c\000r\000i\000p\000t\000i\000o\000n}{section.5.32}% 115
\BOOKMARK [2][-]{subsection.5.32.2}{\376\377\0005\000.\0003\0002\000.\0002\000\040\000P\000r\000o\000p\000e\000r\000t\000y\000\040\000D\000o\000c\000u\000m\000e\000n\000t\000a\000t\000i\000o\000n}{section.5.32}% 116
\BOOKMARK [3][-]{subsubsection.5.32.2.1}{\376\377\0005\000.\0003\0002\000.\0002\000.\0001\000\040\000V\000a\000l\000u\000e}{subsection.5.32.2}% 117
\BOOKMARK [1][-]{section.5.33}{\376\377\0005\000.\0003\0003\000\040\000R\000o\000u\000n\000d\000M\000a\000n\000a\000g\000e\000r\000.\000L\000i\000g\000h\000t\000i\000n\000g\000C\000h\000a\000n\000g\000e\000O\000n\000N\000e\000w\000R\000o\000u\000n\000d\000\040\000C\000l\000a\000s\000s\000\040\000R\000e\000f\000e\000r\000e\000n\000c\000e}{chapter.5}% 118
\BOOKMARK [2][-]{subsection.5.33.1}{\376\377\0005\000.\0003\0003\000.\0001\000\040\000D\000e\000t\000a\000i\000l\000e\000d\000\040\000D\000e\000s\000c\000r\000i\000p\000t\000i\000o\000n}{section.5.33}% 119
\BOOKMARK [2][-]{subsection.5.33.2}{\376\377\0005\000.\0003\0003\000.\0002\000\040\000M\000e\000m\000b\000e\000r\000\040\000D\000a\000t\000a\000\040\000D\000o\000c\000u\000m\000e\000n\000t\000a\000t\000i\000o\000n}{section.5.33}% 120
\BOOKMARK [3][-]{subsubsection.5.33.2.1}{\376\377\0005\000.\0003\0003\000.\0002\000.\0001\000\040\000L\000i\000g\000h\000t\000i\000n\000g}{subsection.5.33.2}% 121
\BOOKMARK [1][-]{section.5.34}{\376\377\0005\000.\0003\0004\000\040\000R\000o\000u\000n\000d\000M\000a\000n\000a\000g\000e\000r\000.\000O\000b\000j\000e\000c\000t\000S\000p\000a\000w\000n\000e\000r\000\040\000C\000l\000a\000s\000s\000\040\000R\000e\000f\000e\000r\000e\000n\000c\000e}{chapter.5}% 122
\BOOKMARK [2][-]{subsection.5.34.1}{\376\377\0005\000.\0003\0004\000.\0001\000\040\000D\000e\000t\000a\000i\000l\000e\000d\000\040\000D\000e\000s\000c\000r\000i\000p\000t\000i\000o\000n}{section.5.34}% 123
\BOOKMARK [1][-]{section.5.35}{\376\377\0005\000.\0003\0005\000\040\000R\000o\000u\000n\000d\000M\000a\000n\000a\000g\000e\000r\000.\000O\000b\000j\000e\000c\000t\000S\000p\000a\000w\000n\000R\000e\000q\000u\000e\000s\000t\000\040\000C\000l\000a\000s\000s\000\040\000R\000e\000f\000e\000r\000e\000n\000c\000e}{chapter.5}% 124
\BOOKMARK [2][-]{subsection.5.35.1}{\376\377\0005\000.\0003\0005\000.\0001\000\040\000D\000e\000t\000a\000i\000l\000e\000d\000\040\000D\000e\000s\000c\000r\000i\000p\000t\000i\000o\000n}{section.5.35}% 125
\BOOKMARK [2][-]{subsection.5.35.2}{\376\377\0005\000.\0003\0005\000.\0002\000\040\000M\000e\000m\000b\000e\000r\000\040\000F\000u\000n\000c\000t\000i\000o\000n\000\040\000D\000o\000c\000u\000m\000e\000n\000t\000a\000t\000i\000o\000n}{section.5.35}% 126
\BOOKMARK [3][-]{subsubsection.5.35.2.1}{\376\377\0005\000.\0003\0005\000.\0002\000.\0001\000\040\000O\000n\000O\000b\000j\000e\000c\000t\000S\000p\000a\000w\000n\000R\000e\000q\000u\000e\000s\000t\000\050\000O\000b\000j\000e\000c\000t\000S\000p\000a\000w\000n\000R\000e\000q\000u\000e\000s\000t\000E\000v\000e\000n\000t\000\040\000e\000\051}{subsection.5.35.2}% 127
\BOOKMARK [1][-]{section.5.36}{\376\377\0005\000.\0003\0006\000\040\000R\000o\000u\000n\000d\000M\000a\000n\000a\000g\000e\000r\000.\000E\000v\000e\000n\000t\000s\000.\000O\000b\000j\000e\000c\000t\000S\000p\000a\000w\000n\000R\000e\000q\000u\000e\000s\000t\000E\000v\000e\000n\000t\000\040\000C\000l\000a\000s\000s\000\040\000R\000e\000f\000e\000r\000e\000n\000c\000e}{chapter.5}% 128
\BOOKMARK [2][-]{subsection.5.36.1}{\376\377\0005\000.\0003\0006\000.\0001\000\040\000D\000e\000t\000a\000i\000l\000e\000d\000\040\000D\000e\000s\000c\000r\000i\000p\000t\000i\000o\000n}{section.5.36}% 129
\BOOKMARK [2][-]{subsection.5.36.2}{\376\377\0005\000.\0003\0006\000.\0002\000\040\000P\000r\000o\000p\000e\000r\000t\000y\000\040\000D\000o\000c\000u\000m\000e\000n\000t\000a\000t\000i\000o\000n}{section.5.36}% 130
\BOOKMARK [3][-]{subsubsection.5.36.2.1}{\376\377\0005\000.\0003\0006\000.\0002\000.\0001\000\040\000C\000u\000r\000r\000e\000n\000t\000R\000o\000u\000n\000d}{subsection.5.36.2}% 131
\BOOKMARK [3][-]{subsubsection.5.36.2.2}{\376\377\0005\000.\0003\0006\000.\0002\000.\0002\000\040\000O\000b\000j\000e\000c\000t\000P\000r\000e\000f\000a\000b}{subsection.5.36.2}% 132
\BOOKMARK [1][-]{section.5.37}{\376\377\0005\000.\0003\0007\000\040\000R\000o\000u\000n\000d\000M\000a\000n\000a\000g\000e\000r\000.\000P\000r\000e\000p\000e\000r\000a\000t\000i\000o\000n\000C\000o\000u\000n\000t\000d\000o\000w\000n\000T\000e\000x\000t\000\040\000C\000l\000a\000s\000s\000\040\000R\000e\000f\000e\000r\000e\000n\000c\000e}{chapter.5}% 133
\BOOKMARK [2][-]{subsection.5.37.1}{\376\377\0005\000.\0003\0007\000.\0001\000\040\000D\000e\000t\000a\000i\000l\000e\000d\000\040\000D\000e\000s\000c\000r\000i\000p\000t\000i\000o\000n}{section.5.37}% 134
\BOOKMARK [1][-]{section.5.38}{\376\377\0005\000.\0003\0008\000\040\000R\000o\000u\000n\000d\000M\000a\000n\000a\000g\000e\000r\000.\000P\000r\000e\000p\000e\000r\000a\000t\000i\000o\000n\000E\000n\000d\000\040\000C\000l\000a\000s\000s\000\040\000R\000e\000f\000e\000r\000e\000n\000c\000e}{chapter.5}% 135
\BOOKMARK [2][-]{subsection.5.38.1}{\376\377\0005\000.\0003\0008\000.\0001\000\040\000D\000e\000t\000a\000i\000l\000e\000d\000\040\000D\000e\000s\000c\000r\000i\000p\000t\000i\000o\000n}{section.5.38}% 136
\BOOKMARK [2][-]{subsection.5.38.2}{\376\377\0005\000.\0003\0008\000.\0002\000\040\000M\000e\000m\000b\000e\000r\000\040\000F\000u\000n\000c\000t\000i\000o\000n\000\040\000D\000o\000c\000u\000m\000e\000n\000t\000a\000t\000i\000o\000n}{section.5.38}% 137
\BOOKMARK [3][-]{subsubsection.5.38.2.1}{\376\377\0005\000.\0003\0008\000.\0002\000.\0001\000\040\000O\000n\000P\000r\000e\000p\000e\000r\000a\000t\000i\000o\000n\000E\000n\000d\000\050\000P\000r\000e\000p\000e\000r\000a\000t\000i\000o\000n\000E\000n\000d\000E\000v\000e\000n\000t\000\040\000e\000\051}{subsection.5.38.2}% 138
\BOOKMARK [1][-]{section.5.39}{\376\377\0005\000.\0003\0009\000\040\000R\000o\000u\000n\000d\000M\000a\000n\000a\000g\000e\000r\000.\000E\000v\000e\000n\000t\000s\000.\000P\000r\000e\000p\000e\000r\000a\000t\000i\000o\000n\000E\000n\000d\000E\000v\000e\000n\000t\000\040\000C\000l\000a\000s\000s\000\040\000R\000e\000f\000e\000r\000e\000n\000c\000e}{chapter.5}% 139
\BOOKMARK [2][-]{subsection.5.39.1}{\376\377\0005\000.\0003\0009\000.\0001\000\040\000D\000e\000t\000a\000i\000l\000e\000d\000\040\000D\000e\000s\000c\000r\000i\000p\000t\000i\000o\000n}{section.5.39}% 140
\BOOKMARK [2][-]{subsection.5.39.2}{\376\377\0005\000.\0003\0009\000.\0002\000\040\000P\000r\000o\000p\000e\000r\000t\000y\000\040\000D\000o\000c\000u\000m\000e\000n\000t\000a\000t\000i\000o\000n}{section.5.39}% 141
\BOOKMARK [3][-]{subsubsection.5.39.2.1}{\376\377\0005\000.\0003\0009\000.\0002\000.\0001\000\040\000C\000u\000r\000r\000e\000n\000t\000R\000o\000u\000n\000d}{subsection.5.39.2}% 142
\BOOKMARK [1][-]{section.5.40}{\376\377\0005\000.\0004\0000\000\040\000R\000o\000u\000n\000d\000M\000a\000n\000a\000g\000e\000r\000.\000P\000r\000e\000p\000e\000r\000a\000t\000i\000o\000n\000S\000t\000a\000r\000t\000\040\000C\000l\000a\000s\000s\000\040\000R\000e\000f\000e\000r\000e\000n\000c\000e}{chapter.5}% 143
\BOOKMARK [2][-]{subsection.5.40.1}{\376\377\0005\000.\0004\0000\000.\0001\000\040\000D\000e\000t\000a\000i\000l\000e\000d\000\040\000D\000e\000s\000c\000r\000i\000p\000t\000i\000o\000n}{section.5.40}% 144
\BOOKMARK [2][-]{subsection.5.40.2}{\376\377\0005\000.\0004\0000\000.\0002\000\040\000M\000e\000m\000b\000e\000r\000\040\000F\000u\000n\000c\000t\000i\000o\000n\000\040\000D\000o\000c\000u\000m\000e\000n\000t\000a\000t\000i\000o\000n}{section.5.40}% 145
\BOOKMARK [3][-]{subsubsection.5.40.2.1}{\376\377\0005\000.\0004\0000\000.\0002\000.\0001\000\040\000O\000n\000P\000r\000e\000p\000e\000r\000a\000t\000i\000o\000n\000S\000t\000a\000r\000t\000\050\000P\000r\000e\000p\000e\000r\000a\000t\000i\000o\000n\000S\000t\000a\000r\000t\000E\000v\000e\000n\000t\000\040\000e\000\051}{subsection.5.40.2}% 146
\BOOKMARK [1][-]{section.5.41}{\376\377\0005\000.\0004\0001\000\040\000R\000o\000u\000n\000d\000M\000a\000n\000a\000g\000e\000r\000.\000E\000v\000e\000n\000t\000s\000.\000P\000r\000e\000p\000e\000r\000a\000t\000i\000o\000n\000S\000t\000a\000r\000t\000E\000v\000e\000n\000t\000\040\000C\000l\000a\000s\000s\000\040\000R\000e\000f\000e\000r\000e\000n\000c\000e}{chapter.5}% 147
\BOOKMARK [2][-]{subsection.5.41.1}{\376\377\0005\000.\0004\0001\000.\0001\000\040\000D\000e\000t\000a\000i\000l\000e\000d\000\040\000D\000e\000s\000c\000r\000i\000p\000t\000i\000o\000n}{section.5.41}% 148
\BOOKMARK [2][-]{subsection.5.41.2}{\376\377\0005\000.\0004\0001\000.\0002\000\040\000P\000r\000o\000p\000e\000r\000t\000y\000\040\000D\000o\000c\000u\000m\000e\000n\000t\000a\000t\000i\000o\000n}{section.5.41}% 149
\BOOKMARK [3][-]{subsubsection.5.41.2.1}{\376\377\0005\000.\0004\0001\000.\0002\000.\0001\000\040\000C\000u\000r\000r\000e\000n\000t\000R\000o\000u\000n\000d}{subsection.5.41.2}% 150
\BOOKMARK [1][-]{section.5.42}{\376\377\0005\000.\0004\0002\000\040\000R\000o\000u\000n\000d\000M\000a\000n\000a\000g\000e\000r\000.\000R\000o\000u\000n\000d\000\040\000C\000l\000a\000s\000s\000\040\000R\000e\000f\000e\000r\000e\000n\000c\000e}{chapter.5}% 151
\BOOKMARK [2][-]{subsection.5.42.1}{\376\377\0005\000.\0004\0002\000.\0001\000\040\000D\000e\000t\000a\000i\000l\000e\000d\000\040\000D\000e\000s\000c\000r\000i\000p\000t\000i\000o\000n}{section.5.42}% 152
\BOOKMARK [2][-]{subsection.5.42.2}{\376\377\0005\000.\0004\0002\000.\0002\000\040\000M\000e\000m\000b\000e\000r\000\040\000F\000u\000n\000c\000t\000i\000o\000n\000\040\000D\000o\000c\000u\000m\000e\000n\000t\000a\000t\000i\000o\000n}{section.5.42}% 153
\BOOKMARK [3][-]{subsubsection.5.42.2.1}{\376\377\0005\000.\0004\0002\000.\0002\000.\0001\000\040\000B\000o\000s\000s\000K\000i\000l\000l\000e\000d\000\050\000\051}{subsection.5.42.2}% 154
\BOOKMARK [3][-]{subsubsection.5.42.2.2}{\376\377\0005\000.\0004\0002\000.\0002\000.\0002\000\040\000E\000n\000t\000e\000r\000\050\000R\000o\000u\000n\000d\000M\000a\000n\000a\000g\000e\000r\000\040\000m\000a\000n\000a\000g\000e\000r\000\051}{subsection.5.42.2}% 155
\BOOKMARK [3][-]{subsubsection.5.42.2.3}{\376\377\0005\000.\0004\0002\000.\0002\000.\0003\000\040\000E\000x\000e\000c\000u\000t\000e\000\050\000\051}{subsection.5.42.2}% 156
\BOOKMARK [3][-]{subsubsection.5.42.2.4}{\376\377\0005\000.\0004\0002\000.\0002\000.\0004\000\040\000E\000x\000i\000t\000\050\000\051}{subsection.5.42.2}% 157
\BOOKMARK [3][-]{subsubsection.5.42.2.5}{\376\377\0005\000.\0004\0002\000.\0002\000.\0005\000\040\000O\000n\000P\000r\000e\000p\000a\000r\000a\000t\000i\000o\000n\000O\000v\000e\000r\000\050\000\051}{subsection.5.42.2}% 158
\BOOKMARK [3][-]{subsubsection.5.42.2.6}{\376\377\0005\000.\0004\0002\000.\0002\000.\0006\000\040\000O\000n\000P\000r\000e\000p\000e\000r\000a\000t\000i\000o\000n\000S\000t\000a\000r\000t\000\050\000\051}{subsection.5.42.2}% 159
\BOOKMARK [3][-]{subsubsection.5.42.2.7}{\376\377\0005\000.\0004\0002\000.\0002\000.\0007\000\040\000R\000e\000g\000i\000s\000t\000e\000r\000E\000n\000e\000m\000y\000K\000i\000l\000l\000e\000d\000\050\000\051}{subsection.5.42.2}% 160
\BOOKMARK [3][-]{subsubsection.5.42.2.8}{\376\377\0005\000.\0004\0002\000.\0002\000.\0008\000\040\000R\000e\000g\000i\000s\000t\000e\000r\000E\000n\000e\000m\000y\000S\000p\000a\000w\000n\000e\000d\000\050\000\051}{subsection.5.42.2}% 161
\BOOKMARK [3][-]{subsubsection.5.42.2.9}{\376\377\0005\000.\0004\0002\000.\0002\000.\0009\000\040\000S\000p\000a\000w\000n\000B\000o\000s\000s\000\050\000\051}{subsection.5.42.2}% 162
\BOOKMARK [3][-]{subsubsection.5.42.2.10}{\376\377\0005\000.\0004\0002\000.\0002\000.\0001\0000\000\040\000T\000r\000i\000g\000g\000e\000r\000R\000o\000u\000n\000d\000E\000n\000d\000\050\000\051}{subsection.5.42.2}% 163
\BOOKMARK [2][-]{subsection.5.42.3}{\376\377\0005\000.\0004\0002\000.\0003\000\040\000M\000e\000m\000b\000e\000r\000\040\000D\000a\000t\000a\000\040\000D\000o\000c\000u\000m\000e\000n\000t\000a\000t\000i\000o\000n}{section.5.42}% 164
\BOOKMARK [3][-]{subsubsection.5.42.3.1}{\376\377\0005\000.\0004\0002\000.\0003\000.\0001\000\040\000B\000o\000s\000s\000C\000o\000u\000n\000t\000d\000o\000w\000n}{subsection.5.42.3}% 165
\BOOKMARK [3][-]{subsubsection.5.42.3.2}{\376\377\0005\000.\0004\0002\000.\0003\000.\0002\000\040\000C\000h\000e\000c\000k\000p\000o\000i\000n\000t\000s}{subsection.5.42.3}% 166
\BOOKMARK [3][-]{subsubsection.5.42.3.3}{\376\377\0005\000.\0004\0002\000.\0003\000.\0003\000\040\000D\000e\000s\000t\000r\000o\000y\000E\000n\000e\000m\000i\000e\000s\000O\000n\000R\000o\000u\000n\000d\000E\000n\000d}{subsection.5.42.3}% 167
\BOOKMARK [3][-]{subsubsection.5.42.3.4}{\376\377\0005\000.\0004\0002\000.\0003\000.\0004\000\040\000D\000e\000s\000t\000r\000o\000y\000O\000t\000h\000e\000r\000E\000n\000e\000m\000i\000e\000s\000W\000h\000e\000n\000B\000o\000s\000s\000C\000o\000u\000n\000t\000d\000o\000w\000n\000B\000e\000g\000i\000n\000s}{subsection.5.42.3}% 168
\BOOKMARK [3][-]{subsubsection.5.42.3.5}{\376\377\0005\000.\0004\0002\000.\0003\000.\0005\000\040\000D\000e\000s\000t\000r\000o\000y\000O\000t\000h\000e\000r\000E\000n\000e\000m\000i\000e\000s\000W\000h\000e\000n\000B\000o\000s\000s\000S\000p\000a\000w\000n\000s}{subsection.5.42.3}% 169
\BOOKMARK [3][-]{subsubsection.5.42.3.6}{\376\377\0005\000.\0004\0002\000.\0003\000.\0006\000\040\000D\000e\000s\000t\000r\000o\000y\000P\000r\000e\000v\000i\000o\000u\000s\000R\000o\000u\000n\000d\000E\000n\000e\000m\000i\000e\000s\000O\000n\000R\000o\000u\000n\000d\000S\000t\000a\000r\000t}{subsection.5.42.3}% 170
\BOOKMARK [3][-]{subsubsection.5.42.3.7}{\376\377\0005\000.\0004\0002\000.\0003\000.\0007\000\040\000H\000a\000s\000P\000r\000e\000p\000e\000r\000a\000t\000i\000o\000n\000T\000i\000m\000e}{subsection.5.42.3}% 171
\BOOKMARK [3][-]{subsubsection.5.42.3.8}{\376\377\0005\000.\0004\0002\000.\0003\000.\0008\000\040\000N\000u\000m\000b\000e\000r\000O\000f\000O\000b\000j\000e\000c\000t\000s\000T\000o\000S\000p\000a\000w\000n}{subsection.5.42.3}% 172
\BOOKMARK [3][-]{subsubsection.5.42.3.9}{\376\377\0005\000.\0004\0002\000.\0003\000.\0009\000\040\000O\000n\000l\000y\000S\000p\000a\000w\000n\000B\000o\000s\000s\000W\000h\000e\000n\000A\000l\000l\000E\000n\000e\000m\000i\000e\000s\000K\000i\000l\000l\000e\000d}{subsection.5.42.3}% 173
\BOOKMARK [3][-]{subsubsection.5.42.3.10}{\376\377\0005\000.\0004\0002\000.\0003\000.\0001\0000\000\040\000P\000r\000e\000p\000e\000r\000a\000t\000i\000o\000n\000T\000i\000m\000e}{subsection.5.42.3}% 174
\BOOKMARK [3][-]{subsubsection.5.42.3.11}{\376\377\0005\000.\0004\0002\000.\0003\000.\0001\0001\000\040\000P\000r\000e\000p\000e\000r\000a\000t\000i\000o\000n\000T\000i\000m\000e\000O\000b\000j\000e\000c\000t\000s}{subsection.5.42.3}% 175
\BOOKMARK [3][-]{subsubsection.5.42.3.12}{\376\377\0005\000.\0004\0002\000.\0003\000.\0001\0002\000\040\000R\000o\000u\000n\000d\000B\000o\000s\000s\000P\000r\000e\000f\000a\000b}{subsection.5.42.3}% 176
\BOOKMARK [3][-]{subsubsection.5.42.3.13}{\376\377\0005\000.\0004\0002\000.\0003\000.\0001\0003\000\040\000R\000o\000u\000n\000d\000H\000a\000s\000B\000o\000s\000s}{subsection.5.42.3}% 177
\BOOKMARK [3][-]{subsubsection.5.42.3.14}{\376\377\0005\000.\0004\0002\000.\0003\000.\0001\0004\000\040\000R\000o\000u\000n\000d\000P\000r\000o\000g\000r\000e\000s\000s\000T\000y\000p\000e}{subsection.5.42.3}% 178
\BOOKMARK [3][-]{subsubsection.5.42.3.15}{\376\377\0005\000.\0004\0002\000.\0003\000.\0001\0005\000\040\000S\000p\000a\000w\000n\000O\000b\000j\000e\000c\000t\000s\000D\000u\000r\000i\000n\000g\000P\000r\000e\000p\000e\000r\000a\000i\000o\000n\000T\000i\000m\000e}{subsection.5.42.3}% 179
\BOOKMARK [2][-]{subsection.5.42.4}{\376\377\0005\000.\0004\0002\000.\0004\000\040\000P\000r\000o\000p\000e\000r\000t\000y\000\040\000D\000o\000c\000u\000m\000e\000n\000t\000a\000t\000i\000o\000n}{section.5.42}% 180
\BOOKMARK [3][-]{subsubsection.5.42.4.1}{\376\377\0005\000.\0004\0002\000.\0004\000.\0001\000\040\000C\000u\000r\000r\000e\000n\000t\000C\000h\000e\000c\000k\000p\000o\000i\000n\000t}{subsection.5.42.4}% 181
\BOOKMARK [3][-]{subsubsection.5.42.4.2}{\376\377\0005\000.\0004\0002\000.\0004\000.\0002\000\040\000I\000n\000P\000r\000e\000p\000e\000r\000a\000t\000i\000o\000n}{subsection.5.42.4}% 182
\BOOKMARK [3][-]{subsubsection.5.42.4.3}{\376\377\0005\000.\0004\0002\000.\0004\000.\0003\000\040\000R\000o\000u\000n\000d\000T\000i\000m\000e}{subsection.5.42.4}% 183
\BOOKMARK [3][-]{subsubsection.5.42.4.4}{\376\377\0005\000.\0004\0002\000.\0004\000.\0004\000\040\000R\000o\000u\000n\000d\000T\000i\000m\000e\000I\000n\000M\000i\000n\000u\000t\000e\000s}{subsection.5.42.4}% 184
\BOOKMARK [3][-]{subsubsection.5.42.4.5}{\376\377\0005\000.\0004\0002\000.\0004\000.\0005\000\040\000R\000o\000u\000n\000d\000T\000i\000m\000e\000I\000n\000M\000i\000n\000u\000t\000e\000s\000S\000e\000c\000o\000n\000d\000s}{subsection.5.42.4}% 185
\BOOKMARK [3][-]{subsubsection.5.42.4.6}{\376\377\0005\000.\0004\0002\000.\0004\000.\0006\000\040\000R\000o\000u\000n\000d\000T\000i\000m\000e\000I\000n\000S\000e\000c\000o\000n\000d\000s}{subsection.5.42.4}% 186
\BOOKMARK [3][-]{subsubsection.5.42.4.7}{\376\377\0005\000.\0004\0002\000.\0004\000.\0007\000\040\000R\000o\000u\000n\000d\000T\000o\000t\000a\000l\000T\000i\000m\000e}{subsection.5.42.4}% 187
\BOOKMARK [1][-]{section.5.43}{\376\377\0005\000.\0004\0003\000\040\000R\000o\000u\000n\000d\000M\000a\000n\000a\000g\000e\000r\000.\000R\000o\000u\000n\000d\000B\000o\000s\000s\000\040\000C\000l\000a\000s\000s\000\040\000R\000e\000f\000e\000r\000e\000n\000c\000e}{chapter.5}% 188
\BOOKMARK [2][-]{subsection.5.43.1}{\376\377\0005\000.\0004\0003\000.\0001\000\040\000D\000e\000t\000a\000i\000l\000e\000d\000\040\000D\000e\000s\000c\000r\000i\000p\000t\000i\000o\000n}{section.5.43}% 189
\BOOKMARK [1][-]{section.5.44}{\376\377\0005\000.\0004\0004\000\040\000R\000o\000u\000n\000d\000M\000a\000n\000a\000g\000e\000r\000.\000R\000o\000u\000n\000d\000C\000h\000e\000c\000k\000p\000o\000i\000n\000t\000\040\000C\000l\000a\000s\000s\000\040\000R\000e\000f\000e\000r\000e\000n\000c\000e}{chapter.5}% 190
\BOOKMARK [2][-]{subsection.5.44.1}{\376\377\0005\000.\0004\0004\000.\0001\000\040\000D\000e\000t\000a\000i\000l\000e\000d\000\040\000D\000e\000s\000c\000r\000i\000p\000t\000i\000o\000n}{section.5.44}% 191
\BOOKMARK [2][-]{subsection.5.44.2}{\376\377\0005\000.\0004\0004\000.\0002\000\040\000M\000e\000m\000b\000e\000r\000\040\000F\000u\000n\000c\000t\000i\000o\000n\000\040\000D\000o\000c\000u\000m\000e\000n\000t\000a\000t\000i\000o\000n}{section.5.44}% 192
\BOOKMARK [3][-]{subsubsection.5.44.2.1}{\376\377\0005\000.\0004\0004\000.\0002\000.\0001\000\040\000E\000n\000t\000e\000r\000\050\000\051}{subsection.5.44.2}% 193
\BOOKMARK [3][-]{subsubsection.5.44.2.2}{\376\377\0005\000.\0004\0004\000.\0002\000.\0002\000\040\000E\000x\000e\000c\000u\000t\000e\000\050\000\051}{subsection.5.44.2}% 194
\BOOKMARK [2][-]{subsection.5.44.3}{\376\377\0005\000.\0004\0004\000.\0003\000\040\000M\000e\000m\000b\000e\000r\000\040\000D\000a\000t\000a\000\040\000D\000o\000c\000u\000m\000e\000n\000t\000a\000t\000i\000o\000n}{section.5.44}% 195
\BOOKMARK [3][-]{subsubsection.5.44.3.1}{\376\377\0005\000.\0004\0004\000.\0003\000.\0001\000\040\000C\000h\000e\000c\000k\000p\000o\000i\000n\000t\000T\000i\000m\000e}{subsection.5.44.3}% 196
\BOOKMARK [3][-]{subsubsection.5.44.3.2}{\376\377\0005\000.\0004\0004\000.\0003\000.\0002\000\040\000E\000n\000e\000m\000y\000S\000p\000a\000w\000n\000C\000h\000a\000n\000c\000e}{subsection.5.44.3}% 197
\BOOKMARK [3][-]{subsubsection.5.44.3.3}{\376\377\0005\000.\0004\0004\000.\0003\000.\0003\000\040\000L\000i\000m\000i\000t\000E\000n\000e\000m\000y\000C\000o\000u\000n\000t}{subsection.5.44.3}% 198
\BOOKMARK [3][-]{subsubsection.5.44.3.4}{\376\377\0005\000.\0004\0004\000.\0003\000.\0004\000\040\000M\000a\000x\000E\000n\000e\000m\000i\000e\000s}{subsection.5.44.3}% 199
\BOOKMARK [3][-]{subsubsection.5.44.3.5}{\376\377\0005\000.\0004\0004\000.\0003\000.\0005\000\040\000R\000o\000u\000n\000d\000E\000n\000e\000m\000i\000e\000s}{subsection.5.44.3}% 200
\BOOKMARK [3][-]{subsubsection.5.44.3.6}{\376\377\0005\000.\0004\0004\000.\0003\000.\0006\000\040\000T\000i\000m\000e\000B\000e\000t\000w\000e\000e\000n\000E\000n\000e\000m\000y\000S\000p\000a\000w\000n\000s}{subsection.5.44.3}% 201
\BOOKMARK [2][-]{subsection.5.44.4}{\376\377\0005\000.\0004\0004\000.\0004\000\040\000P\000r\000o\000p\000e\000r\000t\000y\000\040\000D\000o\000c\000u\000m\000e\000n\000t\000a\000t\000i\000o\000n}{section.5.44}% 202
\BOOKMARK [3][-]{subsubsection.5.44.4.1}{\376\377\0005\000.\0004\0004\000.\0004\000.\0001\000\040\000C\000h\000e\000c\000k\000p\000o\000i\000n\000t\000T\000i\000m\000e\000I\000n\000M\000i\000n\000u\000t\000e\000s}{subsection.5.44.4}% 203
\BOOKMARK [3][-]{subsubsection.5.44.4.2}{\376\377\0005\000.\0004\0004\000.\0004\000.\0002\000\040\000C\000h\000e\000c\000k\000p\000o\000i\000n\000t\000T\000i\000m\000e\000I\000n\000M\000i\000n\000u\000t\000e\000s\000S\000e\000c\000o\000n\000d\000s}{subsection.5.44.4}% 204
\BOOKMARK [3][-]{subsubsection.5.44.4.3}{\376\377\0005\000.\0004\0004\000.\0004\000.\0003\000\040\000C\000h\000e\000c\000k\000p\000o\000i\000n\000t\000T\000i\000m\000e\000I\000n\000S\000e\000c\000o\000n\000d\000s}{subsection.5.44.4}% 205
\BOOKMARK [1][-]{section.5.45}{\376\377\0005\000.\0004\0005\000\040\000R\000o\000u\000n\000d\000M\000a\000n\000a\000g\000e\000r\000.\000R\000o\000u\000n\000d\000C\000o\000u\000n\000t\000d\000o\000w\000n\000A\000u\000d\000i\000o\000\040\000C\000l\000a\000s\000s\000\040\000R\000e\000f\000e\000r\000e\000n\000c\000e}{chapter.5}% 206
\BOOKMARK [2][-]{subsection.5.45.1}{\376\377\0005\000.\0004\0005\000.\0001\000\040\000D\000e\000t\000a\000i\000l\000e\000d\000\040\000D\000e\000s\000c\000r\000i\000p\000t\000i\000o\000n}{section.5.45}% 207
\BOOKMARK [1][-]{section.5.46}{\376\377\0005\000.\0004\0006\000\040\000R\000o\000u\000n\000d\000M\000a\000n\000a\000g\000e\000r\000.\000R\000o\000u\000n\000d\000C\000o\000u\000n\000t\000d\000o\000w\000n\000T\000e\000x\000t\000\040\000C\000l\000a\000s\000s\000\040\000R\000e\000f\000e\000r\000e\000n\000c\000e}{chapter.5}% 208
\BOOKMARK [2][-]{subsection.5.46.1}{\376\377\0005\000.\0004\0006\000.\0001\000\040\000D\000e\000t\000a\000i\000l\000e\000d\000\040\000D\000e\000s\000c\000r\000i\000p\000t\000i\000o\000n}{section.5.46}% 209
\BOOKMARK [1][-]{section.5.47}{\376\377\0005\000.\0004\0007\000\040\000R\000o\000u\000n\000d\000M\000a\000n\000a\000g\000e\000r\000.\000R\000o\000u\000n\000d\000E\000n\000d\000\040\000C\000l\000a\000s\000s\000\040\000R\000e\000f\000e\000r\000e\000n\000c\000e}{chapter.5}% 210
\BOOKMARK [2][-]{subsection.5.47.1}{\376\377\0005\000.\0004\0007\000.\0001\000\040\000D\000e\000t\000a\000i\000l\000e\000d\000\040\000D\000e\000s\000c\000r\000i\000p\000t\000i\000o\000n}{section.5.47}% 211
\BOOKMARK [2][-]{subsection.5.47.2}{\376\377\0005\000.\0004\0007\000.\0002\000\040\000M\000e\000m\000b\000e\000r\000\040\000F\000u\000n\000c\000t\000i\000o\000n\000\040\000D\000o\000c\000u\000m\000e\000n\000t\000a\000t\000i\000o\000n}{section.5.47}% 212
\BOOKMARK [3][-]{subsubsection.5.47.2.1}{\376\377\0005\000.\0004\0007\000.\0002\000.\0001\000\040\000O\000n\000R\000o\000u\000n\000d\000E\000n\000d\000\050\000R\000o\000u\000n\000d\000E\000n\000d\000E\000v\000e\000n\000t\000\040\000e\000\051}{subsection.5.47.2}% 213
\BOOKMARK [1][-]{section.5.48}{\376\377\0005\000.\0004\0008\000\040\000R\000o\000u\000n\000d\000M\000a\000n\000a\000g\000e\000r\000.\000E\000v\000e\000n\000t\000s\000.\000R\000o\000u\000n\000d\000E\000n\000d\000E\000v\000e\000n\000t\000\040\000C\000l\000a\000s\000s\000\040\000R\000e\000f\000e\000r\000e\000n\000c\000e}{chapter.5}% 214
\BOOKMARK [2][-]{subsection.5.48.1}{\376\377\0005\000.\0004\0008\000.\0001\000\040\000D\000e\000t\000a\000i\000l\000e\000d\000\040\000D\000e\000s\000c\000r\000i\000p\000t\000i\000o\000n}{section.5.48}% 215
\BOOKMARK [2][-]{subsection.5.48.2}{\376\377\0005\000.\0004\0008\000.\0002\000\040\000P\000r\000o\000p\000e\000r\000t\000y\000\040\000D\000o\000c\000u\000m\000e\000n\000t\000a\000t\000i\000o\000n}{section.5.48}% 216
\BOOKMARK [3][-]{subsubsection.5.48.2.1}{\376\377\0005\000.\0004\0008\000.\0002\000.\0001\000\040\000C\000u\000r\000r\000e\000n\000t\000R\000o\000u\000n\000d}{subsection.5.48.2}% 217
\BOOKMARK [3][-]{subsubsection.5.48.2.2}{\376\377\0005\000.\0004\0008\000.\0002\000.\0002\000\040\000H\000a\000s\000N\000e\000x\000t\000R\000o\000u\000n\000d}{subsection.5.48.2}% 218
\BOOKMARK [1][-]{section.5.49}{\376\377\0005\000.\0004\0009\000\040\000R\000o\000u\000n\000d\000M\000a\000n\000a\000g\000e\000r\000.\000R\000o\000u\000n\000d\000E\000n\000e\000m\000y\000\040\000C\000l\000a\000s\000s\000\040\000R\000e\000f\000e\000r\000e\000n\000c\000e}{chapter.5}% 219
\BOOKMARK [2][-]{subsection.5.49.1}{\376\377\0005\000.\0004\0009\000.\0001\000\040\000D\000e\000t\000a\000i\000l\000e\000d\000\040\000D\000e\000s\000c\000r\000i\000p\000t\000i\000o\000n}{section.5.49}% 220
\BOOKMARK [1][-]{section.5.50}{\376\377\0005\000.\0005\0000\000\040\000R\000o\000u\000n\000d\000M\000a\000n\000a\000g\000e\000r\000.\000E\000v\000e\000n\000t\000s\000.\000R\000o\000u\000n\000d\000E\000v\000e\000n\000t\000\040\000C\000l\000a\000s\000s\000\040\000R\000e\000f\000e\000r\000e\000n\000c\000e}{chapter.5}% 221
\BOOKMARK [2][-]{subsection.5.50.1}{\376\377\0005\000.\0005\0000\000.\0001\000\040\000D\000e\000t\000a\000i\000l\000e\000d\000\040\000D\000e\000s\000c\000r\000i\000p\000t\000i\000o\000n}{section.5.50}% 222
\BOOKMARK [1][-]{section.5.51}{\376\377\0005\000.\0005\0001\000\040\000R\000o\000u\000n\000d\000M\000a\000n\000a\000g\000e\000r\000.\000E\000v\000e\000n\000t\000s\000.\000R\000o\000u\000n\000d\000E\000v\000e\000n\000t\000s\000\040\000C\000l\000a\000s\000s\000\040\000R\000e\000f\000e\000r\000e\000n\000c\000e}{chapter.5}% 223
\BOOKMARK [2][-]{subsection.5.51.1}{\376\377\0005\000.\0005\0001\000.\0001\000\040\000D\000e\000t\000a\000i\000l\000e\000d\000\040\000D\000e\000s\000c\000r\000i\000p\000t\000i\000o\000n}{section.5.51}% 224
\BOOKMARK [2][-]{subsection.5.51.2}{\376\377\0005\000.\0005\0001\000.\0002\000\040\000M\000e\000m\000b\000e\000r\000\040\000F\000u\000n\000c\000t\000i\000o\000n\000\040\000D\000o\000c\000u\000m\000e\000n\000t\000a\000t\000i\000o\000n}{section.5.51}% 225
\BOOKMARK [3][-]{subsubsection.5.51.2.1}{\376\377\0005\000.\0005\0001\000.\0002\000.\0001\000\040\000A\000d\000d\000L\000i\000s\000t\000e\000n\000e\000r\000<\000\040\000T\000\040\000>\000\050\000E\000v\000e\000n\000t\000D\000e\000l\000e\000g\000a\000t\000e\000<\000\040\000T\000\040\000>\000\040\000d\000e\000l\000\051}{subsection.5.51.2}% 226
\BOOKMARK [3][-]{subsubsection.5.51.2.2}{\376\377\0005\000.\0005\0001\000.\0002\000.\0002\000\040\000R\000a\000i\000s\000e\000\050\000R\000o\000u\000n\000d\000E\000v\000e\000n\000t\000\040\000e\000\051}{subsection.5.51.2}% 227
\BOOKMARK [3][-]{subsubsection.5.51.2.3}{\376\377\0005\000.\0005\0001\000.\0002\000.\0003\000\040\000R\000e\000m\000o\000v\000e\000L\000i\000s\000t\000e\000n\000e\000r\000<\000\040\000T\000\040\000>\000\050\000E\000v\000e\000n\000t\000D\000e\000l\000e\000g\000a\000t\000e\000<\000\040\000T\000\040\000>\000\040\000d\000e\000l\000\051}{subsection.5.51.2}% 228
\BOOKMARK [1][-]{section.5.52}{\376\377\0005\000.\0005\0002\000\040\000R\000o\000u\000n\000d\000M\000a\000n\000a\000g\000e\000r\000.\000R\000o\000u\000n\000d\000L\000i\000g\000h\000t\000i\000n\000g\000\040\000C\000l\000a\000s\000s\000\040\000R\000e\000f\000e\000r\000e\000n\000c\000e}{chapter.5}% 229
\BOOKMARK [2][-]{subsection.5.52.1}{\376\377\0005\000.\0005\0002\000.\0001\000\040\000D\000e\000t\000a\000i\000l\000e\000d\000\040\000D\000e\000s\000c\000r\000i\000p\000t\000i\000o\000n}{section.5.52}% 230
\BOOKMARK [2][-]{subsection.5.52.2}{\376\377\0005\000.\0005\0002\000.\0002\000\040\000M\000e\000m\000b\000e\000r\000\040\000D\000a\000t\000a\000\040\000D\000o\000c\000u\000m\000e\000n\000t\000a\000t\000i\000o\000n}{section.5.52}% 231
\BOOKMARK [3][-]{subsubsection.5.52.2.1}{\376\377\0005\000.\0005\0002\000.\0002\000.\0001\000\040\000R\000o\000u\000n\000d\000N\000u\000m\000b\000e\000r}{subsection.5.52.2}% 232
\BOOKMARK [1][-]{section.5.53}{\376\377\0005\000.\0005\0003\000\040\000R\000o\000u\000n\000d\000M\000a\000n\000a\000g\000e\000r\000.\000R\000o\000u\000n\000d\000M\000a\000n\000a\000g\000e\000r\000\040\000C\000l\000a\000s\000s\000\040\000R\000e\000f\000e\000r\000e\000n\000c\000e}{chapter.5}% 233
\BOOKMARK [2][-]{subsection.5.53.1}{\376\377\0005\000.\0005\0003\000.\0001\000\040\000D\000e\000t\000a\000i\000l\000e\000d\000\040\000D\000e\000s\000c\000r\000i\000p\000t\000i\000o\000n}{section.5.53}% 234
\BOOKMARK [2][-]{subsection.5.53.2}{\376\377\0005\000.\0005\0003\000.\0002\000\040\000M\000e\000m\000b\000e\000r\000\040\000F\000u\000n\000c\000t\000i\000o\000n\000\040\000D\000o\000c\000u\000m\000e\000n\000t\000a\000t\000i\000o\000n}{section.5.53}% 235
\BOOKMARK [3][-]{subsubsection.5.53.2.1}{\376\377\0005\000.\0005\0003\000.\0002\000.\0001\000\040\000B\000e\000g\000i\000n\000\050\000\051}{subsection.5.53.2}% 236
\BOOKMARK [3][-]{subsubsection.5.53.2.2}{\376\377\0005\000.\0005\0003\000.\0002\000.\0002\000\040\000C\000o\000r\000o\000u\000t\000i\000n\000e\000C\000a\000l\000l\000b\000a\000c\000k\000\050\000R\000o\000u\000t\000i\000n\000e\000\040\000c\000a\000l\000l\000B\000a\000c\000k\000\051}{subsection.5.53.2}% 237
\BOOKMARK [3][-]{subsubsection.5.53.2.3}{\376\377\0005\000.\0005\0003\000.\0002\000.\0003\000\040\000L\000a\000s\000t\000R\000o\000u\000n\000d\000\050\000\051}{subsection.5.53.2}% 238
\BOOKMARK [3][-]{subsubsection.5.53.2.4}{\376\377\0005\000.\0005\0003\000.\0002\000.\0004\000\040\000L\000o\000g\000R\000o\000u\000n\000d\000M\000e\000s\000s\000a\000g\000e\000\050\000o\000b\000j\000e\000c\000t\000\040\000m\000e\000s\000s\000a\000g\000e\000\051}{subsection.5.53.2}% 239
\BOOKMARK [2][-]{subsection.5.53.3}{\376\377\0005\000.\0005\0003\000.\0003\000\040\000M\000e\000m\000b\000e\000r\000\040\000D\000a\000t\000a\000\040\000D\000o\000c\000u\000m\000e\000n\000t\000a\000t\000i\000o\000n}{section.5.53}% 240
\BOOKMARK [3][-]{subsubsection.5.53.3.1}{\376\377\0005\000.\0005\0003\000.\0003\000.\0001\000\040\000R\000o\000u\000n\000d\000s}{subsection.5.53.3}% 241
\BOOKMARK [3][-]{subsubsection.5.53.3.2}{\376\377\0005\000.\0005\0003\000.\0003\000.\0002\000\040\000S\000h\000o\000w\000D\000e\000b\000u\000g\000M\000e\000s\000s\000a\000g\000e\000s}{subsection.5.53.3}% 242
\BOOKMARK [2][-]{subsection.5.53.4}{\376\377\0005\000.\0005\0003\000.\0004\000\040\000P\000r\000o\000p\000e\000r\000t\000y\000\040\000D\000o\000c\000u\000m\000e\000n\000t\000a\000t\000i\000o\000n}{section.5.53}% 243
\BOOKMARK [3][-]{subsubsection.5.53.4.1}{\376\377\0005\000.\0005\0003\000.\0004\000.\0001\000\040\000C\000u\000r\000r\000e\000n\000t\000R\000o\000u\000n\000d}{subsection.5.53.4}% 244
\BOOKMARK [3][-]{subsubsection.5.53.4.2}{\376\377\0005\000.\0005\0003\000.\0004\000.\0002\000\040\000C\000u\000r\000r\000e\000n\000t\000R\000o\000u\000n\000d\000I\000n\000d\000e\000x}{subsection.5.53.4}% 245
\BOOKMARK [3][-]{subsubsection.5.53.4.3}{\376\377\0005\000.\0005\0003\000.\0004\000.\0003\000\040\000I\000n\000s\000t\000a\000n\000c\000e}{subsection.5.53.4}% 246
\BOOKMARK [1][-]{section.5.54}{\376\377\0005\000.\0005\0004\000\040\000R\000o\000u\000n\000d\000O\000b\000j\000e\000c\000t\000S\000p\000a\000w\000n\000e\000r\000\040\000C\000l\000a\000s\000s\000\040\000R\000e\000f\000e\000r\000e\000n\000c\000e}{chapter.5}% 247
\BOOKMARK [2][-]{subsection.5.54.1}{\376\377\0005\000.\0005\0004\000.\0001\000\040\000D\000e\000t\000a\000i\000l\000e\000d\000\040\000D\000e\000s\000c\000r\000i\000p\000t\000i\000o\000n}{section.5.54}% 248
\BOOKMARK [2][-]{subsection.5.54.2}{\376\377\0005\000.\0005\0004\000.\0002\000\040\000M\000e\000m\000b\000e\000r\000\040\000D\000a\000t\000a\000\040\000D\000o\000c\000u\000m\000e\000n\000t\000a\000t\000i\000o\000n}{section.5.54}% 249
\BOOKMARK [3][-]{subsubsection.5.54.2.1}{\376\377\0005\000.\0005\0004\000.\0002\000.\0001\000\040\000P\000r\000e\000f\000a\000b}{subsection.5.54.2}% 250
\BOOKMARK [3][-]{subsubsection.5.54.2.2}{\376\377\0005\000.\0005\0004\000.\0002\000.\0002\000\040\000W\000e\000i\000g\000h\000t}{subsection.5.54.2}% 251
\BOOKMARK [1][-]{section.5.55}{\376\377\0005\000.\0005\0005\000\040\000R\000o\000u\000n\000d\000M\000a\000n\000a\000g\000e\000r\000.\000R\000o\000u\000n\000d\000s\000F\000i\000n\000i\000s\000h\000e\000d\000T\000e\000x\000t\000\040\000C\000l\000a\000s\000s\000\040\000R\000e\000f\000e\000r\000e\000n\000c\000e}{chapter.5}% 252
\BOOKMARK [2][-]{subsection.5.55.1}{\376\377\0005\000.\0005\0005\000.\0001\000\040\000D\000e\000t\000a\000i\000l\000e\000d\000\040\000D\000e\000s\000c\000r\000i\000p\000t\000i\000o\000n}{section.5.55}% 253
\BOOKMARK [1][-]{section.5.56}{\376\377\0005\000.\0005\0006\000\040\000R\000o\000u\000n\000d\000M\000a\000n\000a\000g\000e\000r\000.\000R\000o\000u\000n\000d\000S\000t\000a\000r\000t\000\040\000C\000l\000a\000s\000s\000\040\000R\000e\000f\000e\000r\000e\000n\000c\000e}{chapter.5}% 254
\BOOKMARK [2][-]{subsection.5.56.1}{\376\377\0005\000.\0005\0006\000.\0001\000\040\000D\000e\000t\000a\000i\000l\000e\000d\000\040\000D\000e\000s\000c\000r\000i\000p\000t\000i\000o\000n}{section.5.56}% 255
\BOOKMARK [2][-]{subsection.5.56.2}{\376\377\0005\000.\0005\0006\000.\0002\000\040\000M\000e\000m\000b\000e\000r\000\040\000F\000u\000n\000c\000t\000i\000o\000n\000\040\000D\000o\000c\000u\000m\000e\000n\000t\000a\000t\000i\000o\000n}{section.5.56}% 256
\BOOKMARK [3][-]{subsubsection.5.56.2.1}{\376\377\0005\000.\0005\0006\000.\0002\000.\0001\000\040\000O\000n\000R\000o\000u\000n\000d\000S\000t\000a\000r\000t\000\050\000R\000o\000u\000n\000d\000S\000t\000a\000r\000t\000E\000v\000e\000n\000t\000\040\000e\000\051}{subsection.5.56.2}% 257
\BOOKMARK [1][-]{section.5.57}{\376\377\0005\000.\0005\0007\000\040\000R\000o\000u\000n\000d\000M\000a\000n\000a\000g\000e\000r\000.\000E\000v\000e\000n\000t\000s\000.\000R\000o\000u\000n\000d\000S\000t\000a\000r\000t\000E\000v\000e\000n\000t\000\040\000C\000l\000a\000s\000s\000\040\000R\000e\000f\000e\000r\000e\000n\000c\000e}{chapter.5}% 258
\BOOKMARK [2][-]{subsection.5.57.1}{\376\377\0005\000.\0005\0007\000.\0001\000\040\000D\000e\000t\000a\000i\000l\000e\000d\000\040\000D\000e\000s\000c\000r\000i\000p\000t\000i\000o\000n}{section.5.57}% 259
\BOOKMARK [2][-]{subsection.5.57.2}{\376\377\0005\000.\0005\0007\000.\0002\000\040\000P\000r\000o\000p\000e\000r\000t\000y\000\040\000D\000o\000c\000u\000m\000e\000n\000t\000a\000t\000i\000o\000n}{section.5.57}% 260
\BOOKMARK [3][-]{subsubsection.5.57.2.1}{\376\377\0005\000.\0005\0007\000.\0002\000.\0001\000\040\000R\000o\000u\000n\000d}{subsection.5.57.2}% 261
\BOOKMARK [1][-]{section.5.58}{\376\377\0005\000.\0005\0008\000\040\000R\000o\000u\000n\000d\000M\000a\000n\000a\000g\000e\000r\000.\000S\000h\000o\000w\000T\000e\000x\000t\000O\000n\000R\000o\000u\000n\000d\000S\000t\000a\000r\000t\000\040\000C\000l\000a\000s\000s\000\040\000R\000e\000f\000e\000r\000e\000n\000c\000e}{chapter.5}% 262
\BOOKMARK [2][-]{subsection.5.58.1}{\376\377\0005\000.\0005\0008\000.\0001\000\040\000D\000e\000t\000a\000i\000l\000e\000d\000\040\000D\000e\000s\000c\000r\000i\000p\000t\000i\000o\000n}{section.5.58}% 263
\BOOKMARK [1][-]{section.5.59}{\376\377\0005\000.\0005\0009\000\040\000R\000o\000u\000n\000d\000M\000a\000n\000a\000g\000e\000r\000.\000S\000p\000a\000w\000n\000e\000r\000\040\000C\000l\000a\000s\000s\000\040\000R\000e\000f\000e\000r\000e\000n\000c\000e}{chapter.5}% 264
\BOOKMARK [2][-]{subsection.5.59.1}{\376\377\0005\000.\0005\0009\000.\0001\000\040\000D\000e\000t\000a\000i\000l\000e\000d\000\040\000D\000e\000s\000c\000r\000i\000p\000t\000i\000o\000n}{section.5.59}% 265
\BOOKMARK [1][-]{section.5.60}{\376\377\0005\000.\0006\0000\000\040\000R\000o\000u\000n\000d\000M\000a\000n\000a\000g\000e\000r\000.\000T\000r\000i\000g\000g\000e\000r\000R\000o\000u\000n\000d\000E\000n\000d\000\040\000C\000l\000a\000s\000s\000\040\000R\000e\000f\000e\000r\000e\000n\000c\000e}{chapter.5}% 266
\BOOKMARK [2][-]{subsection.5.60.1}{\376\377\0005\000.\0006\0000\000.\0001\000\040\000D\000e\000t\000a\000i\000l\000e\000d\000\040\000D\000e\000s\000c\000r\000i\000p\000t\000i\000o\000n}{section.5.60}% 267
\BOOKMARK [1][-]{section.5.61}{\376\377\0005\000.\0006\0001\000\040\000R\000o\000u\000n\000d\000M\000a\000n\000a\000g\000e\000r\000.\000V\000e\000c\000t\000o\000r\0002\000i\000\040\000S\000t\000r\000u\000c\000t\000\040\000R\000e\000f\000e\000r\000e\000n\000c\000e}{chapter.5}% 268
\BOOKMARK [0][-]{section*.89}{\376\377\000I\000n\000d\000e\000x}{}% 269
